<?xml version="1.0" encoding="UTF-8"?>
<testsuite name="myapp.AppTest" tests="1" skipped="0" failures="0" errors="0" timestamp="2022-05-10T10:23:19" hostname="DESKTOP-4CSBOVH" time="0.014">
  <properties/>
  <testcase name="appHasAGreeting()" classname="myapp.AppTest" time="0.014"/>
  <system-out><![CDATA[]]></system-out>
  <system-err><![CDATA[]]></system-err>
</testsuite>
